<?xml version="1.0" encoding="UTF-8"?>
<!-- Generated by org.testng.reporters.JUnitReportReporter -->
<testsuite hostname="UGKP" failures="0" tests="1" name="TestCases.verifyAddressUpdate" time="21.071" errors="0" timestamp="2022-08-19T23:11:40 IST" skipped="0">
  <testcase classname="TestCases.verifyAddressUpdate" name="verifyAddress" time="21.071"/>
  <system-out/>
</testsuite> <!-- TestCases.verifyAddressUpdate -->
