<?xml version="1.0" encoding="UTF-8"?>
<!-- Generated by org.testng.reporters.JUnitReportReporter -->
<testsuite hostname="UGKP" failures="0" tests="1" name="TestCases.BaseClass" time="0.025" errors="0" timestamp="2022-08-19T23:53:59 IST" skipped="0">
  <testcase classname="TestCases.BaseClass" name="demo" time="0.025"/>
  <system-out/>
</testsuite> <!-- TestCases.BaseClass -->
