<?xml version="1.0" encoding="UTF-8"?>
<!-- Generated by org.testng.reporters.JUnitReportReporter -->
<testsuite hostname="UGKP" failures="0" tests="6" name="TestCases.verifyMyAccountPage" time="29.833" errors="0" timestamp="2022-08-19T23:28:05 IST" skipped="0">
  <testcase classname="TestCases.verifyMyAccountPage" name="ePersonalInfoVerify" time="3.837"/>
  <system-out/>
  <testcase classname="TestCases.verifyMyAccountPage" name="dAddressVerify" time="2.900"/>
  <system-out/>
  <testcase classname="TestCases.verifyMyAccountPage" name="creditSlipVerify" time="2.686"/>
  <system-out/>
  <testcase classname="TestCases.verifyMyAccountPage" name="averifyMyAccount" time="12.146"/>
  <system-out/>
  <testcase classname="TestCases.verifyMyAccountPage" name="bhistoryVerify" time="3.996"/>
  <system-out/>
  <testcase classname="TestCases.verifyMyAccountPage" name="fWishlistVerify" time="4.268"/>
  <system-out/>
</testsuite> <!-- TestCases.verifyMyAccountPage -->
