<?xml version="1.0" encoding="UTF-8"?>
<!-- Generated by org.testng.reporters.JUnitReportReporter -->
<testsuite hostname="UGKP" failures="0" tests="1" name="TestCases.verifyLogoutPage" time="11.310" errors="0" timestamp="2022-08-19T23:14:16 IST" skipped="0">
  <testcase classname="TestCases.verifyLogoutPage" name="logoutVerify" time="11.310"/>
  <system-out/>
</testsuite> <!-- TestCases.verifyLogoutPage -->
