<?xml version="1.0" encoding="UTF-8"?>
<!-- Generated by org.testng.reporters.JUnitReportReporter -->
<testsuite hostname="UGKP" failures="0" tests="1" name="TestCases.verifyPurchase" time="51.576" errors="0" timestamp="2022-08-19T23:36:42 IST" skipped="0">
  <testcase classname="TestCases.verifyPurchase" name="verifypurchase" time="51.576"/>
  <system-out/>
</testsuite> <!-- TestCases.verifyPurchase -->
